<?xml version="1.0" encoding="UTF-8"?>
<!-- Generated by org.testng.reporters.JUnitReportReporter -->
<testsuite hostname="Pratik" failures="0" tests="1" name="Test_Scenarios.test_methods" time="46.514" errors="0" timestamp="2024-07-21T18:56:46 IST" skipped="0">
  <testcase classname="Test_Scenarios.test_methods" name="tsk" time="46.514"/>
  <system-out/>
</testsuite> <!-- Test_Scenarios.test_methods -->
