<?xml version="1.0" encoding="UTF-8"?>
<!-- Generated by org.testng.reporters.JUnitReportReporter -->
<testsuite hostname="Pratik" failures="0" tests="1" name="Opencart.search" time="5.963" errors="0" timestamp="2024-07-17T13:26:30 IST" skipped="0">
  <testcase classname="Opencart.search" name="task" time="5.963"/>
  <system-out/>
</testsuite> <!-- Opencart.search -->
