<?xml version="1.0" encoding="UTF-8"?>
<!-- Generated by org.testng.reporters.JUnitReportReporter -->
<testsuite hostname="Pratik" failures="0" tests="5" name="Construct_Week.Task" time="7.476" errors="0" timestamp="2024-07-21T00:13:02 IST" skipped="0">
  <testcase classname="Construct_Week.Task" name="get_one" time="0.978"/>
  <system-out/>
  <testcase classname="Construct_Week.Task" name="create" time="3.460"/>
  <system-out/>
  <testcase classname="Construct_Week.Task" name="update" time="0.946"/>
  <system-out/>
  <testcase classname="Construct_Week.Task" name="delete" time="1.105"/>
  <system-out/>
  <testcase classname="Construct_Week.Task" name="get_all" time="0.987"/>
  <system-out/>
</testsuite> <!-- Construct_Week.Task -->
